2023-02-16 01:28:52.757453 EST | [local] Epoch 0 finished
----------------------------------  --------------
epoch                                  0
replay_buffer/size                  2000
trainer/num train calls             1000
trainer/QF1 Loss                      22.1038
trainer/QF2 Loss                      22.0954
trainer/Policy Loss                   -4.61799
trainer/Q1 Predictions Mean            0.000313324
trainer/Q1 Predictions Std             0.000964308
trainer/Q1 Predictions Max             0.00313693
trainer/Q1 Predictions Min            -0.00203871
trainer/Q2 Predictions Mean            0.00122276
trainer/Q2 Predictions Std             0.000634757
trainer/Q2 Predictions Max             0.00393661
trainer/Q2 Predictions Min            -0.000215302
trainer/Q Targets Mean                 4.66526
trainer/Q Targets Std                  0.584853
trainer/Q Targets Max                  6.81736
trainer/Q Targets Min                  2.68661
trainer/Log Pis Mean                  -4.61787
trainer/Log Pis Std                    0.575032
trainer/Log Pis Max                   -3.09108
trainer/Log Pis Min                   -6.21973
trainer/policy/mean Mean              -0.000224429
trainer/policy/mean Std                0.000315557
trainer/policy/mean Max                0.000780022
trainer/policy/mean Min               -0.00135422
trainer/policy/normal/std Mean         1.00009
trainer/policy/normal/std Std          0.000729928
trainer/policy/normal/std Max          1.00144
trainer/policy/normal/std Min          0.998363
trainer/policy/normal/log_std Mean     9.41896e-05
trainer/policy/normal/log_std Std      0.000730079
trainer/policy/normal/log_std Max      0.00143794
trainer/policy/normal/log_std Min     -0.00163826
trainer/Alpha                          1
trainer/Alpha Loss                    -0
expl/num steps total                2000
expl/num paths total                  10
expl/path length Mean                200
expl/path length Std                   0
expl/path length Max                 200
expl/path length Min                 200
expl/Rewards Mean                      0
expl/Rewards Std                       0
expl/Rewards Max                       0
expl/Rewards Min                       0
expl/Returns Mean                      0
expl/Returns Std                       0
expl/Returns Max                       0
expl/Returns Min                       0
expl/Actions Mean                     -0.00648105
expl/Actions Std                       0.623549
expl/Actions Max                       0.998343
expl/Actions Min                      -0.998518
expl/Num Paths                         5
expl/Average Returns                   0
eval/num steps total                5000
eval/num paths total                  25
eval/path length Mean                200
eval/path length Std                   0
eval/path length Max                 200
eval/path length Min                 200
eval/Rewards Mean                      0
eval/Rewards Std                       0
eval/Rewards Max                       0
eval/Rewards Min                       0
eval/Returns Mean                      0
eval/Returns Std                       0
eval/Returns Max                       0
eval/Returns Min                       0
eval/Actions Mean                     -0.000249828
eval/Actions Std                       0.000217156
eval/Actions Max                       0.000222775
eval/Actions Min                      -0.000663345
eval/Num Paths                        25
eval/Average Returns                   0
time/data storing (s)                  0.00222921
time/evaluation sampling (s)          40.5002
time/exploration sampling (s)          6.28109
time/logging (s)                       0.00631562
time/sac training (s)                  6.05161
time/saving (s)                        0.00565546
time/training (s)                      0.000140375
time/epoch (s)                        52.8472
time/total (s)                        54.9604
Epoch                                  0
----------------------------------  --------------
2023-02-16 01:29:35.763630 EST | [local] Epoch 1 finished
----------------------------------  --------------
epoch                                   1
replay_buffer/size                   3000
trainer/num train calls              2000
trainer/QF1 Loss                        1.09417
trainer/QF2 Loss                        1.04341
trainer/Policy Loss                   -19.592
trainer/Q1 Predictions Mean            16.0815
trainer/Q1 Predictions Std              0.680403
trainer/Q1 Predictions Max             17.7508
trainer/Q1 Predictions Min             12.8185
trainer/Q2 Predictions Mean            16.1015
trainer/Q2 Predictions Std              0.694099
trainer/Q2 Predictions Max             17.8478
trainer/Q2 Predictions Min             12.8831
trainer/Q Targets Mean                 16.2784
trainer/Q Targets Std                   1.15255
trainer/Q Targets Max                  17.4968
trainer/Q Targets Min                   0
trainer/Log Pis Mean                   -4.83788
trainer/Log Pis Std                     0.444807
trainer/Log Pis Max                    -3.74139
trainer/Log Pis Min                    -7.69898
trainer/policy/mean Mean                0.0150028
trainer/policy/mean Std                 0.0464963
trainer/policy/mean Max                 0.17876
trainer/policy/mean Min                -0.0885516
trainer/policy/normal/std Mean          0.905692
trainer/policy/normal/std Std           0.0133482
trainer/policy/normal/std Max           0.946785
trainer/policy/normal/std Min           0.858526
trainer/policy/normal/log_std Mean     -0.0991645
trainer/policy/normal/log_std Std       0.0147286
trainer/policy/normal/log_std Max      -0.0546837
trainer/policy/normal/log_std Min      -0.152538
trainer/Alpha                           0.740777
trainer/Alpha Loss                     -3.55202
expl/num steps total                 3000
expl/num paths total                   15
expl/path length Mean                 200
expl/path length Std                    0
expl/path length Max                  200
expl/path length Min                  200
expl/Rewards Mean                       0
expl/Rewards Std                        0
expl/Rewards Max                        0
expl/Rewards Min                        0
expl/Returns Mean                       0
expl/Returns Std                        0
expl/Returns Max                        0
expl/Returns Min                        0
expl/Actions Mean                       0.00124668
expl/Actions Std                        0.598297
expl/Actions Max                        0.99721
expl/Actions Min                       -0.998587
expl/Num Paths                          5
expl/Average Returns                    0
eval/num steps total                10000
eval/num paths total                   50
eval/path length Mean                 200
eval/path length Std                    0
eval/path length Max                  200
eval/path length Min                  200
eval/Rewards Mean                       0
eval/Rewards Std                        0
eval/Rewards Max                        0
eval/Rewards Min                        0
eval/Returns Mean                       0
eval/Returns Std                        0
eval/Returns Max                        0
eval/Returns Min                        0
eval/Actions Mean                       0.00907537
eval/Actions Std                        0.0323607
eval/Actions Max                        0.0635947
eval/Actions Min                       -0.0653895
eval/Num Paths                         25
eval/Average Returns                    0
time/data storing (s)                   0.00228096
time/evaluation sampling (s)           30.7205
time/exploration sampling (s)           6.16465
time/logging (s)                        0.00634075
time/sac training (s)                   5.87747
time/saving (s)                         0.0026495
time/training (s)                       3.9e-05
time/epoch (s)                         42.7739
time/total (s)                         97.9562
Epoch                                   1
----------------------------------  --------------
